<?xml version="1.0" encoding="UTF-8"?>
<!-- Generated by org.testng.reporters.JUnitReportReporter -->
<testsuite hostname="Laptop-OBS-123" failures="0" tests="5" name="api.test.GuideLineTest" time="12.848" errors="0" timestamp="2023-04-18T17:37:03 IST" skipped="0">
  <testcase classname="api.test.GuideLineTest" name="keyGeneration" time="8.044"/>
  <system-out/>
  <testcase classname="api.test.GuideLineTest" name="toViewAllGuideLine" time="1.141"/>
  <system-out/>
  <testcase classname="api.test.GuideLineTest" name="toCreateGuideLine" time="1.336"/>
  <system-out/>
  <testcase classname="api.test.GuideLineTest" name="toDeleteGuideLine" time="1.143"/>
  <system-out/>
  <testcase classname="api.test.GuideLineTest" name="toEditGuideLine" time="1.184"/>
  <system-out/>
</testsuite> <!-- api.test.GuideLineTest -->
